<?xml version="1.0" encoding="UTF-8"?>
<!-- Generated by org.testng.reporters.JUnitXMLReporter -->
<testsuite hostname="Shankey" ignored="0" name="Test" tests="7" failures="3" timestamp="27 Jun 2021 04:09:53 GMT" time="0.133" errors="0">
  <testcase name="tc1" time="0.009" classname="testnglearning.Testcase2">
    <failure type="java.lang.AssertionError" message="This is hard assertion">
      <![CDATA[java.lang.AssertionError: This is hard assertion
at testnglearning.Testcase2.tc1(Testcase2.java:18)
... Removed 26 stack frames]]>
    </failure>
  </testcase> <!-- tc1 -->
  <testcase name="tc2" time="0.011" classname="testnglearning.Testcase2">
    <failure type="java.lang.AssertionError" message="The following asserts failed:
	This is soft assertion,
	expected [Raja] but found [Shankey]">
      <![CDATA[java.lang.AssertionError: The following asserts failed:
This is soft assertion,
expected [Raja] but found [Shankey]
at testnglearning.Testcase2.tc2(Testcase2.java:28)
... Removed 26 stack frames]]>
    </failure>
  </testcase> <!-- tc2 -->
  <testcase name="doReg" time="0.004" classname="testnglearning.TestCase1"/>
  <testcase name="doReg" time="0.002" classname="testnglearning.TestCase3">
    <failure type="java.lang.AssertionError" message="failing the test case">
      <![CDATA[java.lang.AssertionError: failing the test case
at testnglearning.TestCase3.doReg(TestCase3.java:19)
... Removed 26 stack frames]]>
    </failure>
  </testcase> <!-- doReg -->
  <testcase name="doLogin" time="0.003" classname="testnglearning.TestCase1"/>
  <testcase name="doLogin" time="0.0" classname="testnglearning.TestCase3">
    <skipped/>
  </testcase> <!-- doLogin -->
  <testcase name="isSkip" time="0.006" classname="testnglearning.TestCase3">
    <skipped/>
  </testcase> <!-- isSkip -->
</testsuite> <!-- Test -->
