<?xml version="1.0" encoding="UTF-8"?>
<!-- Generated by org.testng.reporters.JUnitXMLReporter -->
<testsuite hostname="Shankey" ignored="0" name="Validate Title Test" tests="2" failures="2" timestamp="13 Sep 2021 12:40:31 GMT" time="0.084" errors="0">
  <testcase name="tc1" time="0.039" classname="testnglearning.Testcase2">
    <failure type="java.lang.AssertionError" message="This is hard assertion">
      <![CDATA[java.lang.AssertionError: This is hard assertion
at testnglearning.Testcase2.tc1(Testcase2.java:18)
... Removed 26 stack frames]]>
    </failure>
  </testcase> <!-- tc1 -->
  <testcase name="tc2" time="0.01" classname="testnglearning.Testcase2">
    <failure type="java.lang.AssertionError" message="The following asserts failed:
	This is soft assertion,
	expected [Raja] but found [Shankey]">
      <![CDATA[java.lang.AssertionError: The following asserts failed:
This is soft assertion,
expected [Raja] but found [Shankey]
at testnglearning.Testcase2.tc2(Testcase2.java:29)
... Removed 26 stack frames]]>
    </failure>
  </testcase> <!-- tc2 -->
</testsuite> <!-- Validate Title Test -->
